[2025-01-17 10:10:13,166][pinnstorch.utils.utils][INFO] - Enforcing tags! <cfg.extras.enforce_tags=True>
[2025-01-17 10:10:13,169][pinnstorch.utils.utils][INFO] - Printing config tree with Rich! <cfg.extras.print_config=True>
[2025-01-17 10:10:13,390][pinnstorch.utils.utils][INFO] - Model will be compiled.
[2025-01-17 10:10:13,393][pinnstorch.utils.utils][INFO] - Setting optimizer capturable attribute to True.
[2025-01-17 10:10:13,393][pinnstorch.utils.utils][INFO] - Disabling automatic optimization.
[2025-01-17 10:10:13,395][pinnstorch.train][INFO] - Instantiating mesh <pinnstorch.data.PointCloud>
[2025-01-17 10:10:17,119][pinnstorch.utils.utils][INFO] - File downloaded successfully.
[2025-01-17 10:10:17,183][pinnstorch.train][INFO] - Instantiating training dataset number 1: <pinnstorch.data.MeshSampler>
[2025-01-17 10:10:17,275][pinnstorch.train][INFO] - Instantiating validation dataset number 1: <pinnstorch.data.MeshSampler>
[2025-01-17 10:10:17,303][pinnstorch.train][INFO] - Instantiating prediction dataset number 1: <pinnstorch.data.MeshSampler>
[2025-01-17 10:10:17,304][pinnstorch.train][INFO] - Instantiating datamodule <pinnstorch.data.PINNDataModule>
[2025-01-17 10:10:17,306][pinnstorch.train][INFO] - Instantiating neural net <pinnstorch.models.FCN>
[2025-01-17 10:10:17,309][pinnstorch.train][INFO] - Instantiating model <pinnstorch.models.PINNModule>
[2025-01-17 10:10:17,314][pinnstorch.train][INFO] - Instantiating callbacks...
[2025-01-17 10:10:17,314][pinnstorch.utils.instantiators][INFO] - Instantiating callback <lightning.pytorch.callbacks.ModelCheckpoint>
[2025-01-17 10:10:17,316][pinnstorch.utils.instantiators][INFO] - Instantiating callback <lightning.pytorch.callbacks.RichModelSummary>
[2025-01-17 10:10:17,316][pinnstorch.utils.instantiators][INFO] - Instantiating callback <lightning.pytorch.callbacks.RichProgressBar>
[2025-01-17 10:10:17,317][pinnstorch.train][INFO] - Instantiating loggers...
[2025-01-17 10:10:17,317][pinnstorch.utils.instantiators][INFO] - Instantiating logger <lightning.pytorch.loggers.csv_logs.CSVLogger>
[2025-01-17 10:10:17,318][pinnstorch.train][INFO] - Instantiating trainer <lightning.pytorch.trainer.Trainer>
[2025-01-17 10:10:17,396][pinnstorch.train][INFO] - Logging hyperparameters!
[2025-01-17 10:10:17,397][pinnstorch.train][INFO] - Starting training!
[2025-01-17 10:52:56,579][pinnstorch.utils.utils][INFO] - Output dir: /home/aarav/pinns-torch/examples/navier_stokes/outputs/10-10-13
